<?xml version="1.0" encoding="utf-8"?><test-results name="Test results" errors="0" inconclusive="0" ignored="0" invalid="0" not-run="0" date="2017-02-27" time="14:25:46" total="18" failures="0" skipped="0"><environment os-version="unknown" platform="unknown" cwd="unknown" machine-name="unknown" user="unknown" user-domain="unknown" nunit-version="xUnit.net 2.1.0.3179" clr-version="64-bit .NET (unknown version) [collection-per-class, parallel (4 threads)]" /><culture-info current-culture="unknown" current-uiculture="unknown" /><test-suite type="Assemblies" name="xUnit.net Tests" executed="True" success="True" result="Success" time="0.352"><results><test-suite type="Assembly" executed="True" name="Tests.dll" result="Success" success="True" time="0.352"><results><test-suite type="TestCollection" executed="True" name="Test collection for Tests.Tests" result="Success" success="True" time="0.008"><results><test-case name="Tests.Tests.Test1" executed="True" result="Success" success="True" time="0.0076984" /></results></test-suite><test-suite type="TestCollection" executed="True" name="Test collection for CoursesAPI.Tests.Services.CourseServicesTests" result="Success" success="True" time="0.192"><results><test-case name="CoursesAPI.Tests.Services.CourseServicesTests.GetCoursesBySemester_ReturnsAllCoursesOnADefaultSemester" executed="True" result="Success" success="True" time="0.0889598" /><test-case name="CoursesAPI.Tests.Services.CourseServicesTests.GetCoursesBySemester_ReturnsEmptyListWhenNoDataDefined" executed="True" result="Success" success="True" time="0.0055862" /><test-case name="CoursesAPI.Tests.Services.CourseServicesTests.AddTeacher_PersonAlreadyRegisteredAsTeacherInCourse" executed="True" result="Success" success="True" time="0.0146566" /><test-case name="CoursesAPI.Tests.Services.CourseServicesTests.GetCoursesBySemester_ReturnsMainTeacherAndNotTA" executed="True" result="Success" success="True" time="0.0084505" /><test-case name="CoursesAPI.Tests.Services.CourseServicesTests.AddTeacher_AlreadyWithMainTeacher" executed="True" result="Success" success="True" time="0.0036469" /><test-case name="CoursesAPI.Tests.Services.CourseServicesTests.AddTeacher_InvalidTeacher" executed="True" result="Success" success="True" time="0.0026703" /><test-case name="CoursesAPI.Tests.Services.CourseServicesTests.AddTeacher_InvalidCourse" executed="True" result="Success" success="True" time="0.0014419" /><test-case name="CoursesAPI.Tests.Services.CourseServicesTests.GetCoursesBySemester_ReturnsMainTeacher" executed="True" result="Success" success="True" time="0.0112314" /><test-case name="CoursesAPI.Tests.Services.CourseServicesTests.GetCoursesBySemester_ReturnsAllCoursesFromSemester20163" executed="True" result="Success" success="True" time="0.0148026" /><test-case name="CoursesAPI.Tests.Services.CourseServicesTests.GetCoursesBySemester_ReturnsEmptyStringForTeacherAndNotTA" executed="True" result="Success" success="True" time="0.0141907" /><test-case name="CoursesAPI.Tests.Services.CourseServicesTests.GetCoursesBySemester_ReturnsEmptyStringForTeacher" executed="True" result="Success" success="True" time="0.0116182" /><test-case name="CoursesAPI.Tests.Services.CourseServicesTests.AddTeacher_WithValidTeacherAndCourse" executed="True" result="Success" success="True" time="0.0144426" /></results></test-suite><test-suite type="TestCollection" executed="True" name="Test collection for CoursesAPI.Tests.Utilities.DateTimeUtilsTests" result="Success" success="True" time="0.008"><results><test-case name="CoursesAPI.Tests.Utilities.DateTimeUtilsTests.IsLeapYear_TestForNonLeapYearEdgeCase1" executed="True" result="Success" success="True" time="0.0076002" /><test-case name="CoursesAPI.Tests.Utilities.DateTimeUtilsTests.IsLeapYear_TestForStandardLeapYearDivisibleBy4" executed="True" result="Success" success="True" time="0.0002257" /><test-case name="CoursesAPI.Tests.Utilities.DateTimeUtilsTests.IsLeapYear_TestForNonLeapYear" executed="True" result="Success" success="True" time="0.0001909" /><test-case name="CoursesAPI.Tests.Utilities.DateTimeUtilsTests.IsLeapYear_TestForNonLeapYearDivisibleBy100" executed="True" result="Success" success="True" time="0.0001926" /><test-case name="CoursesAPI.Tests.Utilities.DateTimeUtilsTests.IsLeapYear_TestForLeapYearDivisibleBy400" executed="True" result="Success" success="True" time="0.0001764" /></results></test-suite></results></test-suite></results></test-suite></test-results>